<?xml version="1.0" encoding="UTF-8"?>
<!-- Generated by org.testng.reporters.JUnitReportReporter -->
<testsuite hostname="DESKTOP-RRVA329" failures="0" tests="1" name="PlayWright.PlayWright.hello_Playwright" time="4.554" errors="0" timestamp="2024-06-26T19:31:31 EDT" skipped="0">
  <testcase classname="PlayWright.PlayWright.hello_Playwright" name="helloPlayWright" time="4.554"/>
</testsuite> <!-- PlayWright.PlayWright.hello_Playwright -->
